Arguments: 
  /Users/myf/.nvm/versions/node/v9.2.0/bin/node /Users/myf/.nvm/versions/node/v9.2.0/bin/yarn init

PATH: 
  /usr/local/opt/mysql@5.7/bin:/Users/myf/Flutter/flutter/bin:/Users/myf/.nvm/versions/node/v9.2.0/bin:/usr/local/bin:/usr/bin:/bin:/usr/sbin:/sbin:/Applications/VMware Fusion.app/Contents/Public

Yarn version: 
  1.9.4

Node version: 
  9.2.0

Platform: 
  darwin x64

Trace: 
  Error: canceled
      at Interface.<anonymous> (/Users/myf/.nvm/versions/node/v9.2.0/lib/node_modules/yarn/lib/cli.js:126002:13)
      at Interface.emit (events.js:159:13)
      at Interface._ttyWrite (readline.js:786:16)
      at ReadStream.onkeypress (readline.js:165:10)
      at ReadStream.emit (events.js:159:13)
      at emitKeys (internal/readline.js:420:14)
      at emitKeys.next (<anonymous>)
      at ReadStream.onData (readline.js:1022:36)
      at ReadStream.emit (events.js:159:13)
      at addChunk (_stream_readable.js:265:12)

npm manifest: 
  No manifest

yarn manifest: 
  No manifest

Lockfile: 
  No lockfile
